<?xml version="1.0" encoding="UTF-8"?>
<!-- Generated by org.testng.reporters.JUnitReportReporter -->
<testsuite hostname="LAPTOP-2630" failures="0" tests="1" name="Pruebas.Test_Laboratorio4_E2" time="0.000" errors="0" timestamp="2020-11-06T11:00:36 ART" skipped="1">
  <testcase classname="Pruebas.Test_Laboratorio4_E2" name="crearCuentaInvalida" time="0.000">
    <skipped/>
  </testcase> <!-- crearCuentaInvalida -->
  <system-out/>
</testsuite> <!-- Pruebas.Test_Laboratorio4_E2 -->
