<?xml version="1.0" encoding="UTF-8"?>
<!-- Generated by org.testng.reporters.JUnitReportReporter -->
<testsuite hostname="LAPTOP-2630" failures="0" tests="2" name="Pruebas.Laboratorio3_E2" time="5.616" errors="0" timestamp="2020-11-05T18:45:42 ART" skipped="0">
  <testcase classname="Pruebas.Laboratorio3_E2" name="crearCuentaInvalida" time="3.799"/>
  <system-out/>
  <testcase classname="Pruebas.Laboratorio3_E2" name="IrRegistroLogin" time="1.817"/>
  <system-out/>
</testsuite> <!-- Pruebas.Laboratorio3_E2 -->
