<?xml version="1.0" encoding="UTF-8"?>
<!-- Generated by org.testng.reporters.JUnitReportReporter -->
<testsuite hostname="LAPTOP-2630" failures="0" tests="3" name="Edit.EducacionIT.Laboratorio1" time="19.725" errors="0" timestamp="2020-11-05T18:42:20 ART" skipped="0">
  <testcase classname="Edit.EducacionIT.Laboratorio1" name="Lab1_E2" time="7.908"/>
  <system-out/>
  <testcase classname="Edit.EducacionIT.Laboratorio1" name="Lab1_E1" time="5.583"/>
  <system-out/>
  <testcase classname="Edit.EducacionIT.Laboratorio1" name="Lab1_E3" time="6.234"/>
  <system-out/>
</testsuite> <!-- Edit.EducacionIT.Laboratorio1 -->
