<?xml version="1.0" encoding="UTF-8"?>
<!-- Generated by org.testng.reporters.JUnitReportReporter -->
<testsuite hostname="LAPTOP-2630" failures="0" tests="2" name="Pruebas.Test_Laboratorio4_E1" time="6.852" errors="0" timestamp="2020-11-06T03:18:21 ART" skipped="0">
  <testcase classname="Pruebas.Test_Laboratorio4_E1" name="crearCuentaInvalida" time="3.716"/>
  <system-out/>
  <testcase classname="Pruebas.Test_Laboratorio4_E1" name="crearCuentaInvalida" time="3.136"/>
  <system-out/>
</testsuite> <!-- Pruebas.Test_Laboratorio4_E1 -->
