<?xml version="1.0" encoding="UTF-8"?>
<!-- Generated by org.testng.reporters.JUnitReportReporter -->
<testsuite hostname="LAPTOP-2630" failures="0" tests="1" name="Pruebas.Laboratorio3_E1" time="3.785" errors="0" timestamp="2020-11-05T18:42:20 ART" skipped="0">
  <testcase classname="Pruebas.Laboratorio3_E1" name="registroUsuario" time="3.785"/>
  <system-out/>
</testsuite> <!-- Pruebas.Laboratorio3_E1 -->
