<?xml version="1.0" encoding="UTF-8"?>
<!-- Generated by org.testng.reporters.JUnitReportReporter -->
<testsuite hostname="LAPTOP-2630" failures="0" tests="1" name="Edit.EducacionIT.AppTest" time="0.005" errors="0" timestamp="2020-11-05T18:42:20 ART" skipped="0">
  <testcase classname="Edit.EducacionIT.AppTest" name="shouldAnswerWithTrue" time="0.005"/>
  <system-out/>
</testsuite> <!-- Edit.EducacionIT.AppTest -->
